<?xml version="1.0" encoding="UTF-8"?>
<!-- Generated by org.testng.reporters.JUnitReportReporter -->
<testsuite skipped="0" hostname="studentapp" name="com.crm.autodesk.contact.ConatctTest" tests="2" failures="0" timestamp="30 Jan 2020 10:28:25 GMT" time="0.015" errors="0">
  <testcase name="modifyContactTest" time="0.002" classname="com.crm.autodesk.contact.ConatctTest"/>
  <testcase name="createContactTest" time="0.013" classname="com.crm.autodesk.contact.ConatctTest"/>
</testsuite> <!-- com.crm.autodesk.contact.ConatctTest -->
