<?xml version="1.0" encoding="UTF-8"?>
<!-- Generated by org.testng.reporters.JUnitReportReporter -->
<testsuite skipped="0" hostname="studentapp" name="com.crm.autodesk.contact.SearchContactTest" tests="1" failures="0" timestamp="30 Jan 2020 10:10:37 GMT" time="0.002" errors="0">
  <testcase name="searchConatctTest" time="0.002" classname="com.crm.autodesk.contact.SearchContactTest"/>
</testsuite> <!-- com.crm.autodesk.contact.SearchContactTest -->
